C51 COMPILER V9.60.7.0   TASK                                                              06/14/2026 02:51:10 PAGE 1   


C51 COMPILER V9.60.7.0, COMPILATION OF MODULE TASK
OBJECT MODULE PLACED IN .\Objects\task.obj
COMPILER INVOKED BY: D:\Keil_v5\C51\BIN\C51.EXE User\Src\task.c OMF2 OPTIMIZE(8,SPEED) BROWSE INCDIR(.\User\Inc) DEBUG P
                    -RINT(.\Listings\task.lst) TABS(2) OBJECT(.\Objects\task.obj)

line level    source

   1          #include <STC8H.H>
   2          #include "task.h"
   3          #include "gpio.h"
   4          #include "uart.h"
   5          #include "aht30.h"
   6          #include "protocol.h"
   7          
   8          /* ---------- 1ms 任务：串口超时判断 + 协议处理（在定时器中断中调用） ---------- *
             -/
   9          void Task_1ms(void)
  10          {
  11   1          Uart1_RxTimeoutTick();   /* 超时计数，5ms无新数据则认为一帧完成 */
  12   1          Protocol_Process();      /* 帧完成后处理协议 */
  13   1      }
  14          
  15          /* ---------- 10ms 任务 ---------- */
  16          void Task_10ms(void)
  17          {
  18   1          /* TODO: 放需要每 10ms 执行一次的代码 */
  19   1      }
  20          
  21          /* ---------- 50ms 任务 ---------- */
  22          void Task_50ms(void)
  23          {
  24   1          /* TODO: 放需要每 50ms 执行一次的代码 */
  25   1      }
  26          
  27          /* ---------- 100ms 任务：读取拨码地址并通过串口上报 ---------- */
  28          void Task_100ms(void)
  29          {
  30   1          g_device_addr = Read_DeviceAddr();   /* 每 100ms 更新一次设备地址 */
  31   1      }
  32          
  33          /* ---------- 500ms 任务：翻转绿色 LED + 触发 AHT30 测量 ---------- */
  34          void Task_500ms(void)
  35          {
  36   1          LED_GREEN_Toggle();
  37   1          AHT30_Measure();    /* 触发测量，500ms 后由 Task_1000ms 读取结果 */
  38   1      }
  39          
  40          /* ---------- 1000ms 任务：读取 AHT30 数据 ---------- */
  41          void Task_1000ms(void)
  42          {
  43   1          AHT30_Read();          /* 读取并解析数据，更新全局变量 g_aht30 */
  44   1      }


MODULE INFORMATION:   STATIC OVERLAYABLE
   CODE SIZE        =     23    ----
   CONSTANT SIZE    =   ----    ----
   XDATA SIZE       =   ----    ----
   PDATA SIZE       =   ----    ----
   DATA SIZE        =   ----    ----
   IDATA SIZE       =   ----    ----
C51 COMPILER V9.60.7.0   TASK                                                              06/14/2026 02:51:10 PAGE 2   

   BIT SIZE         =   ----    ----
   EDATA SIZE       =   ----    ----
   HDATA SIZE       =   ----    ----
   XDATA CONST SIZE =   ----    ----
   FAR CONST SIZE   =   ----    ----
END OF MODULE INFORMATION.


C51 COMPILATION COMPLETE.  0 WARNING(S),  0 ERROR(S)
