C51 COMPILER V9.54   ADDR                                                                  06/30/2025 16:56:32 PAGE 1   


C51 COMPILER V9.54, COMPILATION OF MODULE ADDR
OBJECT MODULE PLACED IN ..\hex恅璃\addr.obj
COMPILER INVOKED BY: C:\Keil_v5\C51\BIN\C51.EXE ..\App\addr.c LARGE OPTIMIZE(8,SPEED) BROWSE INCDIR(..\User;..\App) DEBU
                    -G OBJECTEXTEND PRINT(.\List\addr.lst) OBJECT(..\hex恅璃\addr.obj)

line level    source

   1          #include "addr.h"
   2          void addr_init(void)
   3          {
   4   1          //奻嶺
   5   1          //P02 P03 P12 P13 P14 P15
   6   1          P0PU |= 0x01 << 2;
   7   1          P0PU |= 0x01 << 3;
   8   1          P1PU |= 0x01 << 2;
   9   1          P1PU |= 0x01 << 3;
  10   1          P1PU |= 0x01 << 4;
  11   1          P1PU |= 0x01 << 5;
  12   1      }
  13          
  14          
  15          unsigned char addr_read(void)
  16          {
  17   1          unsigned char addr = 0;
  18   1          addr |= ((unsigned char)(!P15)) << 5;
  19   1          addr |= ((unsigned char)(!P14)) << 4;
  20   1          addr |= ((unsigned char)(!P13)) << 3;
  21   1          addr |= ((unsigned char)(!P12)) << 2;
  22   1          addr |= ((unsigned char)(!P03)) << 1;
  23   1          addr |= ((unsigned char)(!P02)) << 0;
  24   1          return addr;
  25   1      }
  26          
  27          


MODULE INFORMATION:   STATIC OVERLAYABLE
   CODE SIZE        =    122    ----
   CONSTANT SIZE    =   ----    ----
   XDATA SIZE       =   ----    ----
   PDATA SIZE       =   ----    ----
   DATA SIZE        =   ----    ----
   IDATA SIZE       =   ----    ----
   BIT SIZE         =   ----    ----
END OF MODULE INFORMATION.


C51 COMPILATION COMPLETE.  0 WARNING(S),  0 ERROR(S)
