C51 COMPILER V9.54   DELAY                                                                 06/30/2025 16:56:32 PAGE 1   


C51 COMPILER V9.54, COMPILATION OF MODULE DELAY
OBJECT MODULE PLACED IN ..\hexОДјю\delay.obj
COMPILER INVOKED BY: C:\Keil_v5\C51\BIN\C51.EXE ..\App\delay.c LARGE OPTIMIZE(8,SPEED) BROWSE INCDIR(..\User;..\App) DEB
                    -UG OBJECTEXTEND PRINT(.\List\delay.lst) OBJECT(..\hexОДјю\delay.obj)

line level    source

   1          #include "delay.h"
   2          
   3          #if (SYS_FOSC == FOSC_11059200)
   4          /*********************************************
   5          /*еҮҪж•°еҗҚз§°пјҡDelay_ms(void)
   6          /*еҮҪж•°еҠҹиғҪпјҡ11.0592MHzе·ҘдҪңйў‘зҺҮдёӢе»¶ж—¶зәҰ1ms
   7          /*иҫ“е…ҘеҸӮж•°пјҡж— 
   8          /*иҝ”еӣһеҖјпјҡж— 
   9          *********************************************/
  10          void Delay_ms()         //@11.0592MHz
  11          {
  12   1              unsigned char i, j;
  13   1      
  14   1              i = 15;
  15   1              j = 90;
  16   1              do
  17   1              {
  18   2                      while (--j);
  19   2              } while (--i);
  20   1      }
  21          
  22          /*********************************************
  23          /*еҮҪж•°еҗҚз§°пјҡDelay_us(void)
  24          /*еҮҪж•°еҠҹиғҪпјҡ11.0592MHzе·ҘдҪңйў‘зҺҮдёӢе»¶ж—¶зәҰ1us
  25          /*иҫ“е…ҘеҸӮж•°пјҡж— 
  26          /*иҝ”еӣһеҖјпјҡж— 
  27          *********************************************/
  28          void Delay_us()         //@11.0592MHz
  29          {
  30   1              unsigned char i;
  31   1      
  32   1              _nop_();
  33   1              _nop_();
  34   1              i = 1;
  35   1              while (--i);
  36   1      }
  37          
  38          
  39          #elif (SYS_FOSC == FOSC_22118400)
              /*********************************************
              /*еҮҪж•°еҗҚз§°пјҡDelay_us(void)
              /*еҮҪж•°еҠҹиғҪпјҡ22.1184MHzе·ҘдҪңйў‘зҺҮдёӢзҡ„е»¶ж—¶1us
              /*иҫ“е…ҘеҸӮж•°пјҡж— 
              /*иҝ”еӣһеҖјпјҡж— 
              *********************************************/
              void Delay_us()         //@22.1184MHz
              {
                      unsigned char i;
              
                      _nop_();
                      i = 5;
                      while (--i);
              }
              
C51 COMPILER V9.54   DELAY                                                                 06/30/2025 16:56:32 PAGE 2   

              /*********************************************
              /*еҮҪж•°еҗҚз§°пјҡDelay_ms(void)
              /*еҮҪж•°еҠҹиғҪпјҡ22.1184MHzе·ҘдҪңйў‘зҺҮдёӢе»¶ж—¶зәҰ1ms
              /*иҫ“е…ҘеҸӮж•°пјҡж— 
              /*иҝ”еӣһеҖјпјҡж— 
              *********************************************/
              void Delay_ms()         //@22.1184MHz
              {
                      unsigned char i, j;
              
                      i = 29;
                      j = 183;
                      do
                      {
                              while (--j);
                      } while (--i);
              }
              
              #elif (SYS_FOSC == FOSC_24000000)
              /*********************************************
              /*еҮҪж•°еҗҚз§°пјҡDelay_us(void)
              /*еҮҪж•°еҠҹиғҪпјҡ24MHzе·ҘдҪңйў‘зҺҮдёӢзҡ„е»¶ж—¶1us
              /*иҫ“е…ҘеҸӮж•°пјҡж— 
              /*иҝ”еӣһеҖјпјҡж— 
              *********************************************/
              void Delay_us()         //@24.000MHz
              {
                      unsigned char i;
              
                      i = 6;
                      while (--i);
              }
              
              /*********************************************
              /*еҮҪж•°еҗҚз§°пјҡDelay_ms(void)
              /*еҮҪж•°еҠҹиғҪпјҡ24MHzе·ҘдҪңйў‘зҺҮдёӢе»¶ж—¶зәҰ1ms
              /*иҫ“е…ҘеҸӮж•°пјҡж— 
              /*иҝ”еӣһеҖјпјҡж— 
              *********************************************/
              void Delay_ms()         //@24.000MHz
              {
                      unsigned char i, j;
                      _nop_();
                      i = 32;
                      j = 40;
                      do
                      {
                              while (--j);
                      } while (--i);
              }
              
              #endif
 107          
 108          /*********************************************
 109          /*еҮҪж•°еҗҚз§°пјҡDelay_xms(u16 i)
 110          /*еҮҪж•°еҠҹиғҪпјҡе·ҘдҪңйў‘зҺҮдёӢе»¶ж—¶зәҰx*1ms=x ms
 111          /*иҫ“е…ҘеҸӮж•°пјҡ0~65535
 112          /*иҝ”еӣһеҖјпјҡж— 
 113          *********************************************/
 114          void Delay_xms(u16 i)
 115          {
 116   1              u16 k;  
C51 COMPILER V9.54   DELAY                                                                 06/30/2025 16:56:32 PAGE 3   

 117   1              for(k=0;k<i;k++)
 118   1              {
 119   2                      Delay_ms();
 120   2              }
 121   1      }
 122          
 123          /*********************************************
 124          /*еҮҪж•°еҗҚз§°пјҡDelay_xus(u16 i)
 125          /*еҮҪж•°еҠҹиғҪпјҡе·ҘдҪңйў‘зҺҮдёӢе»¶ж—¶зәҰx*1us=x us
 126          /*иҫ“е…ҘеҸӮж•°пјҡ0~65535
 127          /*иҝ”еӣһеҖјпјҡж— 
 128          *********************************************/
 129          void Delay_xus(u16 i)
 130          {
 131   1              u16 k;  
 132   1              for(k=0;k<i;k++)
 133   1              {
 134   2                      Delay_us();
 135   2              }
 136   1      }


MODULE INFORMATION:   STATIC OVERLAYABLE
   CODE SIZE        =     66    ----
   CONSTANT SIZE    =   ----    ----
   XDATA SIZE       =   ----    ----
   PDATA SIZE       =   ----    ----
   DATA SIZE        =   ----    ----
   IDATA SIZE       =   ----    ----
   BIT SIZE         =   ----    ----
END OF MODULE INFORMATION.


C51 COMPILATION COMPLETE.  0 WARNING(S),  0 ERROR(S)
