C51 COMPILER V9.54   DIGITAL_CUBE                                                          06/30/2025 16:56:32 PAGE 1   


C51 COMPILER V9.54, COMPILATION OF MODULE DIGITAL_CUBE
OBJECT MODULE PLACED IN ..\hex文件\digital_cube.obj
COMPILER INVOKED BY: C:\Keil_v5\C51\BIN\C51.EXE ..\App\digital_cube.c LARGE OPTIMIZE(8,SPEED) BROWSE INCDIR(..\User;..\A
                    -pp) DEBUG OBJECTEXTEND PRINT(.\List\digital_cube.lst) OBJECT(..\hex文件\digital_cube.obj)

line level    source

   1          #include "digital_cube.h"
   2          
   3          unsigned char display_buf[3] = {0};
   4          
   5          code unsigned char data_[] = {
   6                  0x3F,  //"0"
   7                  0x06,  //"1"
   8                  0x5B,  //"2"
   9                  0x4F,  //"3"
  10                  0x66,  //"4"
  11                  0x6D,  //"5"
  12                  0x7D,  //"6"
  13                  0x07,  //"7"
  14                  0x7F,  //"8"
  15                  0x6F,  //"9"
  16                  0x77,  //"A"
  17                  0x7C,  //"B"
  18                  0x39,  //"C"
  19                  0x5E,  //"D"
  20                  0x79,  //"E"
  21                  0x71,  //"F"
  22                  0x76,  //"H"
  23                  0x38,  //"L"
  24                  0x37,  //"n"
  25                  0x3E,  //"u"
  26                  0x73,  //"P"
  27                  0x5C,  //"o"
  28                  0x40,  //"-"
  29                  0x00   //空
  30          };
  31          
  32          
  33          void digital_cube_init(void)
  34          {
  35   1      
  36   1      
  37   1          // 配置P0.1为推挽输出
  38   1          P0M0 |= 0x01 << 1;
  39   1          P0M1 &= ~(0x01 << 1);
  40   1          P01 = 0;  // DIG3
  41   1      
  42   1          // 配置P2.6为推挽输出
  43   1          P2M0 |= 0x01 << 6;
  44   1          P2M1 &= ~(0x01 << 6);
  45   1          P26 = 0;  // DIG2
  46   1      
  47   1          // 配置P2.3为推挽输出
  48   1          P2M0 |= 0x01 << 3;
  49   1          P2M1 &= ~(0x01 << 3);
  50   1          P23 = 0;  // DIG1
  51   1      
  52   1          // 配置P2.4为推挽输出
  53   1          P2M0 |= 0x01 << 4;
  54   1          P2M1 &= ~(0x01 << 4);
C51 COMPILER V9.54   DIGITAL_CUBE                                                          06/30/2025 16:56:32 PAGE 2   

  55   1          P24 = 0;  // LEDA
  56   1      
  57   1          // 配置P2.7为推挽输出
  58   1          P2M0 |= 0x01 << 7;
  59   1          P2M1 &= ~(0x01 << 7);
  60   1          P27 = 0;  // LEDB
  61   1      
  62   1          // 配置P3.6为推挽输出
  63   1          P3M0 |= 0x01 << 6;
  64   1          P3M1 &= ~(0x01 << 6);
  65   1          P36 = 0;  // LEDC
  66   1      
  67   1          // 配置P2.0为推挽输出
  68   1          P2M0 |= 0x01 << 0;
  69   1          P2M1 &= ~(0x01 << 0);
  70   1          P20 = 0;  // LEDD
  71   1      
  72   1          // 配置P2.1为推挽输出
  73   1          P2M0 |= 0x01 << 1;
  74   1          P2M1 &= ~(0x01 << 1);
  75   1          P21 = 0;  // LEDE
  76   1      
  77   1          // 配置P2.5为推挽输出
  78   1          P2M0 |= 0x01 << 5;
  79   1          P2M1 &= ~(0x01 << 5);
  80   1          P25 = 0;  // LEDF
  81   1      
  82   1          // 配置P3.5为推挽输出
  83   1          P3M0 |= 0x01 << 5;
  84   1          P3M1 &= ~(0x01 << 5);
  85   1          P35 = 0;  // LEDG
  86   1      
  87   1          P37 = 0;
  88   1      
  89   1      }
  90          
  91          void digital_cube_ShowOne(unsigned char num)
  92          {
  93   1          // 根据 data[num] 的每一位设置引脚
  94   1          P24 = (data_[num] & 0x01) ;
  95   1          P27 = (data_[num] & 0x02) ;
  96   1          P36 = (data_[num] & 0x04) ;
  97   1          P20 = (data_[num] & 0x08) ;
  98   1          P21 = (data_[num] & 0x10) ;
  99   1          P25 = (data_[num] & 0x20) ;
 100   1          P35 = (data_[num] & 0x40) ;
 101   1      }
 102          
 103          
 104          void Digital_Tube_Show(unsigned char num, unsigned char loc)
 105          {
 106   1              
 107   1              P01 = 1;
 108   1          P26 = 1;
 109   1          P23 = 1;
 110   1          switch (loc)
 111   1          {
 112   2          case 0:
 113   2              P01 = 1;
 114   2                      P26 = 1;
 115   2                      P23 = 0;
 116   2              break;
C51 COMPILER V9.54   DIGITAL_CUBE                                                          06/30/2025 16:56:32 PAGE 3   

 117   2          case 1:
 118   2              P01 = 1;
 119   2                      P26 = 0;
 120   2                      P23 = 1;
 121   2              break;
 122   2          case 2:
 123   2              P01 = 0;
 124   2                      P26 = 1;
 125   2                      P23 = 1;
 126   2              break;
 127   2          
 128   2          default:
 129   2              break;
 130   2          }
 131   1          digital_cube_ShowOne(num);
 132   1      }
 133          
 134          void Digital_Tube_ShowNum(int num)
 135          {
 136   1              if (num >= 0) {
 137   2                      display_buf[0] = (num / 100);
 138   2                      display_buf[1] = (num / 10) % 10;
 139   2                      display_buf[2] = (num % 10);
 140   2              }
 141   1              else {
 142   2                      display_buf[0] = 22;
 143   2                      display_buf[1] = -num / 10;
 144   2                      display_buf[2] = -num % 10;
 145   2              }
 146   1                      
 147   1      }
 148          
 149          
 150          void Digital_Tube_flash(void)
 151          {
 152   1              
 153   1              static unsigned char p = 0;
 154   1              Digital_Tube_Show(display_buf[p], p);
 155   1              p++;
 156   1              if (p >= 3)
 157   1                      p = 0;
 158   1      
 159   1      }
 160          


MODULE INFORMATION:   STATIC OVERLAYABLE
   CODE SIZE        =    290    ----
   CONSTANT SIZE    =     24    ----
   XDATA SIZE       =      4    ----
   PDATA SIZE       =   ----    ----
   DATA SIZE        =   ----    ----
   IDATA SIZE       =   ----    ----
   BIT SIZE         =   ----    ----
END OF MODULE INFORMATION.


C51 COMPILATION COMPLETE.  0 WARNING(S),  0 ERROR(S)
