C51 COMPILER V9.54   RI2C                                                                  06/30/2025 16:56:32 PAGE 1   


C51 COMPILER V9.54, COMPILATION OF MODULE RI2C
OBJECT MODULE PLACED IN ..\hex文件\RI2C.obj
COMPILER INVOKED BY: C:\Keil_v5\C51\BIN\C51.EXE ..\App\RI2C.c LARGE OPTIMIZE(8,SPEED) BROWSE INCDIR(..\User;..\App) DEBU
                    -G OBJECTEXTEND PRINT(.\List\RI2C.lst) OBJECT(..\hex文件\RI2C.obj)

line level    source

   1          #include "RI2C.h"
   2          #include "delay.h"
   3          
   4          
   5          #undef SUCCESS
   6          #define SUCCESS 0
   7          #undef FAILED
   8          #define FAILED  1
   9          
  10          /*************************************
  11          /*函数名称：Wait()
  12          /*函数功能：等待延时
  13          /*输入参数：无
  14          /*返回值：      无
  15          *************************************/
  16          void Wait()
  17          {
  18   1              Delay_xus(2);
  19   1      }
  20          
  21          /*************************************
  22          /*函数名称：Start()
  23          /*函数功能：LED初始化函数
  24          /*输入参数：无
  25          /*返回值：      无
  26          *************************************/
  27          void I2C_Start(void)    //start the I2C, SDA High-to-low when SCL is high
  28          {
  29   1              I2C_SDA = 1;
  30   1              Wait();
  31   1              I2C_SCL = 1;
  32   1              Wait();
  33   1              I2C_SDA = 0;
  34   1              Wait();
  35   1              I2C_SCL = 0;
  36   1              Wait();
  37   1      }
  38          
  39          /*************************************
  40          /*函数名称：I2C_WriteAbyte(u8 dat)
  41          /*函数功能：向I2C设备写入一个字节数据
  42          /*输入参数：dat:写入的数据
  43          /*返回值：      无
  44          *************************************/
  45          void I2C_WriteAbyte(u8 dat)
  46          {
  47   1              u8 i;
  48   1              i = 8;
  49   1              do
  50   1              {
  51   2                      if(dat & 0x80)  I2C_SDA = 1;
  52   2                      else            I2C_SDA = 0;
  53   2                      dat <<= 1;
  54   2                      Wait();
C51 COMPILER V9.54   RI2C                                                                  06/30/2025 16:56:32 PAGE 2   

  55   2                      I2C_SCL = 1;
  56   2                      Wait();
  57   2                      I2C_SCL = 0;
  58   2                      Wait();
  59   2              }
  60   1              while(--i);
  61   1      }
  62          
  63          /*************************************
  64          /*函数名称：I2C_Check_ACK()
  65          /*函数功能：LED初始化函数
  66          /*                                      Check ACK, If F0=0, then right, if F0=1, then error
  67          /*输入参数：无  
  68          /*返回值：      无
  69          *************************************/
  70          void I2C_Check_ACK(void)
  71          {
  72   1              I2C_SDA = 1;
  73   1              Wait();
  74   1              I2C_SCL = 1;
  75   1              Wait();
  76   1              CY  = I2C_SDA;
  77   1              I2C_SCL = 0;
  78   1              Wait();
  79   1      }
  80          
  81          /*************************************
  82          /*函数名称：I2C_ReadAbyte(void)
  83          /*函数功能：从I2C设备读一个字节
  84          /*输入参数：无
  85          /*返回值：      从I2C读取到的数据
  86          *************************************/
  87          u8 I2C_ReadAbyte(void)
  88          {
  89   1              u8 i,dat;
  90   1              i = 8;
  91   1              I2C_SDA = 1;
  92   1              do
  93   1              {
  94   2                      I2C_SCL = 1;
  95   2                      Wait();
  96   2                      dat <<= 1;
  97   2                      if(I2C_SDA)             dat++;
  98   2                      I2C_SCL  = 0;
  99   2                      Wait();
 100   2              }
 101   1              while(--i);
 102   1              return(dat);
 103   1      }
 104          
 105          /*************************************
 106          /*函数名称：SendACK()
 107          /*函数功能：发送应答指令, Send ACK (LOW)
 108          /*输入参数：无
 109          /*返回值：      无
 110          *************************************/
 111          void SendACK(void)
 112          {
 113   1              I2C_SDA = 0;
 114   1              Wait();
 115   1              I2C_SCL = 1;
 116   1              Wait();
C51 COMPILER V9.54   RI2C                                                                  06/30/2025 16:56:32 PAGE 3   

 117   1              I2C_SCL = 0;
 118   1              Wait();
 119   1      }
 120          
 121          /*************************************
 122          /*函数名称：SendNAK()
 123          /*函数功能：发送无应答, Send No ACK (High)
 124          /*输入参数：无
 125          /*返回值：      无
 126          *************************************/
 127          void SendNAK(void)
 128          {
 129   1              I2C_SDA = 1;
 130   1              Wait();
 131   1              I2C_SCL = 1;
 132   1              Wait();
 133   1              I2C_SCL = 0;
 134   1              Wait();
 135   1      }
 136          
 137          /*************************************
 138          /*函数名称：I2C_Stop()
 139          /*函数功能：I2C停止
 140          /*输入参数：无
 141          /*返回值：      无
 142          *************************************/
 143          void I2C_Stop(void)     //STOP the I2C, SDA Low-to-high when SCL is high
 144          {
 145   1              I2C_SDA = 0;
 146   1              Wait();
 147   1              I2C_SCL = 1;
 148   1              Wait();
 149   1              I2C_SDA = 1;
 150   1              Wait();
 151   1      }
 152          
 153          /*************************************
 154          /*函数名称：WriteNbyte(u8 addr, u8 *p, u8 number)
 155          /*函数功能：LED初始化函数
 156          /*输入参数：
 157          /*返回值：      无
 158          *************************************/
 159          void WriteNbyte(u8 addr, u8 *p, u8 num)  /*  WordAddress,First Data Address,Byte lenth   */
 160          {
 161   1              I2C_Start();                                                    //发送起始命令
 162   1              I2C_WriteAbyte(I2C_Write);                      //发送设备地址+写命令
 163   1              I2C_Check_ACK();
 164   1              I2C_WriteAbyte(addr);                   //发送存储地址
 165   1              I2C_Check_ACK();
 166   1              do
 167   1              {
 168   2                      I2C_WriteAbyte(*p);
 169   2                      p++;
 170   2                      I2C_Check_ACK();
 171   2              }
 172   1              while(--num);
 173   1              I2C_Stop();                                                             //发送停止命令
 174   1      }
 175          
 176          /*************************************
 177          /*函数名称：ReadNbyte(u8 addr, u8 *p, u8 number)
 178          /*函数功能：LED初始化函数
C51 COMPILER V9.54   RI2C                                                                  06/30/2025 16:56:32 PAGE 4   

 179          /*输入参数：addr:
 180          /*                                      p
 181          /*返回值：      无
 182          *************************************/
 183          void ReadNbyte(u8 addr, u8 *p, u8 num)       /*  WordAddress,First Data Address,Byte lenth   */
 184          {
 185   1              I2C_Start();                                                                    //发送起始命令
 186   1              I2C_WriteAbyte(I2C_Write);                                      //发送设备地址+写命令
 187   1              I2C_Check_ACK();
 188   1              I2C_WriteAbyte(addr);                                   //发送存储地址
 189   1              I2C_Check_ACK();
 190   1              I2C_Start();                                                                    //发送起始命令
 191   1              I2C_WriteAbyte(I2C_Read);                                       //发送设备地址+读命令
 192   1              I2C_Check_ACK();
 193   1              do
 194   1              {
 195   2                      *p = I2C_ReadAbyte();   p++;
 196   2                      if(num != 1)    SendACK();                      //send ACK
 197   2              }
 198   1              while(--num);
 199   1              SendNAK();                                                                              //send no ACK
 200   1              I2C_Stop();                                                                             //发送停止命令
 201   1      }
 202          
 203          
 204          u8 IIC_Write_1Byte(u8 SlaveAddress,u8 REG_Address,u8 REG_data)
 205          {
 206   1              I2C_Start();
 207   1          I2C_WriteAbyte(SlaveAddress<<1);
 208   1          I2C_Check_ACK();
 209   1          I2C_WriteAbyte(REG_Address);
 210   1          I2C_Check_ACK();
 211   1          I2C_WriteAbyte(REG_data);
 212   1          I2C_Check_ACK();
 213   1              I2C_Stop();
 214   1          return SUCCESS;
 215   1      }
 216          
 217          
 218          u8 IIC_Read_1Byte(u8 SlaveAddress,u8 REG_Address,u8 *REG_data)
 219          {
 220   1          I2C_Start();
 221   1          I2C_WriteAbyte(SlaveAddress<<1);
 222   1          I2C_Check_ACK();
 223   1          I2C_WriteAbyte(REG_Address);
 224   1          I2C_Check_ACK();
 225   1              I2C_Stop();
 226   1          I2C_Start();
 227   1              I2C_WriteAbyte((SlaveAddress<<1)+1);
 228   1          I2C_Check_ACK();
 229   1              *REG_data = I2C_ReadAbyte();
 230   1              SendNAK();
 231   1              I2C_Stop();
 232   1              return SUCCESS;
 233   1      }
 234          
 235          
 236          
 237          
 238          
 239          
 240          
C51 COMPILER V9.54   RI2C                                                                  06/30/2025 16:56:32 PAGE 5   

 241          
 242          
 243          
 244          
 245          
 246          
 247          
 248          


MODULE INFORMATION:   STATIC OVERLAYABLE
   CODE SIZE        =    488    ----
   CONSTANT SIZE    =   ----    ----
   XDATA SIZE       =   ----      22
   PDATA SIZE       =   ----    ----
   DATA SIZE        =   ----    ----
   IDATA SIZE       =   ----    ----
   BIT SIZE         =   ----    ----
END OF MODULE INFORMATION.


C51 COMPILATION COMPLETE.  0 WARNING(S),  0 ERROR(S)
