C51 COMPILER V9.54   SPL07_003                                                             08/04/2025 23:11:31 PAGE 1   


C51 COMPILER V9.54, COMPILATION OF MODULE SPL07_003
OBJECT MODULE PLACED IN ..\hexОДјю\SPL07-003.obj
COMPILER INVOKED BY: D:\c51  keil5\keil 5\C51\BIN\C51.EXE ..\App\SPL07-003.c LARGE OPTIMIZE(8,SPEED) BROWSE INCDIR(..\Us
                    -er;..\App) DEBUG OBJECTEXTEND PRINT(.\List\SPL07-003.lst) TABS(2) OBJECT(..\hexОДјю\SPL07-003.obj)

line level    source

   1          #include "spl07_003.h"
   2          #include "RI2C.h"
   3          #include "stdio.h"
   4          #include "string.h"
   5          
   6          #undef SUCCESS 
   7          #define SUCCESS 0
   8          #undef FAILED 
   9          #define FAILED 1
  10          #undef ENABLE 
  11          #define ENABLE 1
  12          #undef DISABLE 
  13          #define DISABLE 0
  14          
  15          //јДґжЖч¶ЁТе
  16          #define PRESSURE_REG 0X00
  17          #define TEMP_REG 0X03
  18          #define PRS_CFG_REG 0x06 //ЖшС№ІвБїЛЩВКЕдЦГ
  19          #define TMP_CFG_REG 0x07 //ОВ¶ИІвБїЛЩ¶ИЕдЦГ
  20          #define MEAS_CFG_REG 0x08 //ІвБїЕдЦГУлґ«ёРЖчЕдЦГ
  21          #define CFG_REG 0x09 //ЦР¶П/FIFO/SPIПЯКэµИЕдЦГ
  22          #define INT_STS_REG 0X0A //ЦР¶ПЧґМ¬±кЦѕО»
  23          #define FIFO_STS_REG 0X0B //FIFOЧґМ¬
  24          #define RESET_REG 0X0C
  25          #define ID_REG 0x0D
  26          #define COEF_REG 0x10
  27          
  28          
  29          #define s32 int32
  30          #define int32 long
  31          
  32          
  33          #define HW_ADR 0x77 //SDO HIGH OR NC//µ±SDOА­ёЯ»тХЯёЎїХК№УГµДI2CµШЦ·
  34          
  35          
  36          static struct  {  //ДЪІїіці§РЈЧјКэѕЭ
  37              volatile int16 c0;
  38              volatile int16 c1;
  39              volatile int32 c00;
  40              volatile int32 c10;
  41              volatile int16 c01;
  42              volatile int16 c11;
  43              volatile int16 c20;
  44              volatile int16 c21;
  45              volatile int16 c30;
  46              volatile int16 c31;
  47              volatile int16 c40;
  48          }spl07_calib_param;
  49          
  50          
  51          struct  { 
  52              uint8 chip_id; /**<chip id*/  
  53              int32 i32rawPressure;//Ф­КјЖшС№КэѕЭ
  54              int32 i32rawTemperature;//Ф­КјОВ¶ИКэѕЭ
C51 COMPILER V9.54   SPL07_003                                                             08/04/2025 23:11:31 PAGE 2   

  55              int32 i32kP;    //ЖшС№І№іҐІОКэ
  56              int32 i32kT;//ОВ¶ИІ№іҐІОКэ
  57          }spl07;
  58          
  59          
  60          
  61          //I2CЕдЦГ
  62          #define spl0703_write(ADDR,REG,DATA) IIC_Write_1Byte(ADDR,REG,DATA)
  63          uint8 spl0703_read(unsigned char hwadr, unsigned char regadr)
  64          {
  65   1        uint8 reg_data = 0;
  66   1      
  67   1        
  68   1        IIC_Read_1Byte(hwadr,regadr,&reg_data);
  69   1        return reg_data;
  70   1      }
  71          
  72          //КІГґКЗ№эІЙСщЈ¬ѕНКЗІЙСщ¶аЧйИЎТ»ґОКэѕЭЈ¬±ИИзОВ¶ИІЙСщЖµВК10HZЈ¬ЙиЦГ№эІЙСщОЄ8Ј¬ѕНКЗГїёцОВ¶И¶БИЎ¶јКЗ8ЧйИЎЖЅѕщ
             -Ј¬ДЪІїКµјКЧцБЛ80HZµДКэѕЭІЙјЇЈ¬єуМЁДЈКЅОЮ№эІЙСщ
  73          /***********************************************************************
  74           * ЖшС№ІЙСщВКЕдЦГ
  75           * @param[in] єуМЁДЈКЅbackground_rateІЙСщЖµВКNґО/ГїГлЈЁЅц№©єуМЁДЈКЅК№УГ,ГьБоДЈКЅІЙСщЖµВКУЙУГ»§ЧФјєѕц¶ЁЈ¬Чо
             -РЎјдёфИЎѕцУЪ№эІЙСщЛщРиК±јд,І»Н¬µД№эІЙСщК±јдїЙТФУРІ»Н¬µД№¦єДЈ©Ј¬oversamply№эІЙСщґОКэ
  76           * @param[out] 
  77           * @return     
  78           **********************************************************************/
  79          #define PRESSURE_RATE_1_TIMES 0 //ІЙСщВК 
  80          #define PRESSURE_RATE_2_TIMES 1
  81          #define PRESSURE_RATE_4_TIMES 2
  82          #define PRESSURE_RATE_8_TIMES 3
  83          #define PRESSURE_RATE_16_TIMES 4
  84          #define PRESSURE_RATE_32_TIMES 5
  85          #define PRESSURE_RATE_64_TIMES 6
  86          #define PRESSURE_RATE_128_TIMES 7
  87          
  88          void spl07_pressure_rate_config(u8 background_rate,u8 oversamply)
  89          {
  90   1          u8 data0, data1;
  91   1        
  92   1          data0 = (background_rate<<4)|oversamply;
  93   1          if(oversamply>PRESSURE_RATE_8_TIMES)//№эІЙСщґОКэґуУЪEMPERATURE_RATE_8_TIMESЈ¬У¦µ±ФКРнКэѕЭ±»РВµДКэѕЭёІёЗЈ
             -¬ДЪІїУµУРЖшС№єНОВ¶И№І32ј¶µДFIFOЈ¬ФЪґуУЪ8ґОЈЁТІѕНКЗґуУЪ»тµИУЪ16ґО№эІЙСщЈ©µДК±єтРиТЄ±»РВµДКэѕЭёІёЗЈ¬·сФтКэѕЭѕН»б¶ЄК§
  94   1          {
  95   2              data1 = spl0703_read(HW_ADR, CFG_REG);//¶БИЎФ­јДґжЖчЦµ
  96   2              data1 |= 0X04;//P-SHIFTО»ЦГ1
  97   2              spl0703_write(HW_ADR, CFG_REG, data1);//ЦШРВРґ»ШјДґжЖч          
  98   2          }   
  99   1          switch(oversamply)
 100   1          {
 101   2              case PRESSURE_RATE_2_TIMES:
 102   2                spl07.i32kP = 1572864;
 103   2                  break;
 104   2              case PRESSURE_RATE_4_TIMES:
 105   2                  spl07.i32kP  = 3670016;
 106   2                  break;
 107   2              case PRESSURE_RATE_8_TIMES:
 108   2                  spl07.i32kP  = 7864320;
 109   2                  break;
 110   2              case PRESSURE_RATE_16_TIMES:
 111   2                  spl07.i32kP = 253952;
 112   2                  break;
 113   2              case PRESSURE_RATE_32_TIMES:
C51 COMPILER V9.54   SPL07_003                                                             08/04/2025 23:11:31 PAGE 3   

 114   2                  spl07.i32kP = 516096;       
 115   2                  break;
 116   2              case PRESSURE_RATE_64_TIMES:
 117   2                  spl07.i32kP = 1040384;           
 118   2                  break;
 119   2              case PRESSURE_RATE_128_TIMES:
 120   2                  spl07.i32kP = 2088960;
 121   2                  break;
 122   2              case PRESSURE_RATE_1_TIMES:
 123   2              default:
 124   2                  spl07.i32kP = 524288;
 125   2                  break;
 126   2          }   
 127   1          spl0703_write(HW_ADR, PRS_CFG_REG, data0);//РґИлЕдЦГ
 128   1      }
 129          
 130          #define TEMPERATURE_RATE_1_TIMES 0 //ІЙСщВК
 131          #define TEMPERATURE_RATE_2_TIMES 1
 132          #define TEMPERATURE_RATE_4_TIMES 2
 133          #define TEMPERATURE_RATE_8_TIMES 3
 134          #define TEMPERATURE_RATE_16_TIMES 4
 135          #define TEMPERATURE_RATE_32_TIMES 5
 136          #define TEMPERATURE_RATE_64_TIMES 6
 137          #define TEMPERATURE_RATE_128_TIMES 7
 138          #define TEMPERATURE_RATE_TMP_EXT_INTERNAL 0  //јЇіЙµзВ·ЙПµДОВ¶ИјЖ
 139          #define TEMPERATURE_RATE_TMP_EXT_EXTERNAL 1  //ґ«ёРЖчMEMSЖшС№РѕЖ¬ЙПОВ¶ИјЖ
 140          void spl07_temperature_rate_config(u8 background_rate,u8 oversamply,u8 ext)
 141          {
 142   1          u8 data0,data1;
 143   1        
 144   1            data0 = (ext<<7)|(background_rate<<4)|oversamply;
 145   1            if(oversamply>TEMPERATURE_RATE_8_TIMES)//№эІЙСщґОКэґуУЪEMPERATURE_RATE_8_TIMESЈ¬У¦µ±ФКРнКэѕЭ±»РВµДКэѕЭё
             -ІёЗ
 146   1            {
 147   2                
 148   2              data1 = spl0703_read(HW_ADR, CFG_REG);//¶БИЎФ­јДґжЖчЦµ
 149   2              data1 |= 0X08;//T-SHIFTО»ЦГ1
 150   2                spl0703_write(HW_ADR, CFG_REG, data1);  //ЦШРВРґ»ШјДґжЖч          
 151   2            }     
 152   1          switch(oversamply)
 153   1          {
 154   2              case TEMPERATURE_RATE_2_TIMES:
 155   2                spl07.i32kT = 1572864;
 156   2                  break;
 157   2              case TEMPERATURE_RATE_4_TIMES:
 158   2                  spl07.i32kT  = 3670016;
 159   2                  break;
 160   2              case TEMPERATURE_RATE_8_TIMES:
 161   2                  spl07.i32kT  = 7864320;
 162   2                  break;
 163   2              case TEMPERATURE_RATE_16_TIMES:
 164   2                  spl07.i32kT = 253952;
 165   2                  break;
 166   2              case TEMPERATURE_RATE_32_TIMES:
 167   2                  spl07.i32kT = 516096;       
 168   2                  break;
 169   2              case TEMPERATURE_RATE_64_TIMES:
 170   2                  spl07.i32kT = 1040384;           
 171   2                  break;
 172   2              case TEMPERATURE_RATE_128_TIMES:
 173   2                  spl07.i32kT = 2088960;
 174   2                  break;
C51 COMPILER V9.54   SPL07_003                                                             08/04/2025 23:11:31 PAGE 4   

 175   2              case TEMPERATURE_RATE_1_TIMES:
 176   2              default:
 177   2                  spl07.i32kT = 524288;
 178   2                  break;
 179   2          }   
 180   1          spl0703_write(HW_ADR, TMP_CFG_REG, data0);//РґИлЕдЦГ
 181   1      }
 182          
 183          #define MEAS_CFG_COEF_RDY 0X80 // ґ«ёРЖчДЪІїРЈЧјЦµїЙ¶БЈ¬ФЪЖф¶Їєу
 184          #define MEAS_CFG_SENSOR_RDY 0X40 // ґ«ёРЖчТСіхКј»ЇНкіЙЈ¬ФЪЖф¶Їєу
 185          #define MEAS_CFG_TMP_RDY 0x20 //ОВ¶ИЦµТСѕ­Чј±ёѕНРчЈ¬їЙТФЅшРР¶БИЎЈ¬ёГ±кЦѕО»¶БИЎєуЧФ¶ЇЗе0
 186          #define MEAS_CFG_PRS_RDY 0x10 //ЖшС№ЦµТСѕ­Чј±ёѕНРчЈ¬їЙТФЅшРР¶БИЎЈ¬ёГ±кЦѕО»¶БИЎєуЧФ¶ЇЗе0
 187          #define MEAS_CFG_MEAS_CTR_STANDBY 0 //ДЈКЅЕдЦГ №ТЖрДЈКЅ
 188          #define MEAS_CFG_MEAS_CTR_COMMAND_PRS 0x01 //ДЈКЅЕдЦГ ГьБоДЈКЅПВЖф¶ЇЖшС№ІЙјЇ
 189          #define MEAS_CFG_MEAS_CTR_COMMAND_TMP 0x02 //ДЈКЅЕдЦГ ГьБоДЈКЅПВЖф¶ЇОВ¶ИІЙјЇ
 190          #define MEAS_CFG_MEAS_CTR_BACKGROUND_PRS 0x05 //ДЈКЅЕдЦГ єуМЁДЈКЅЦ»¶БИЎЖшС№Цµ
 191          #define MEAS_CFG_MEAS_CTR_BACKGROUND_TMP 0X06 //ДЈКЅЕдЦГ єуМЁДЈКЅЦ»¶БИЎОВ¶ИЦµ
 192          #define MEAS_CFG_MEAS_CTR_BACKGROUND_PSR_TMP 0X07 //ДЈКЅЕдЦГ єуМЁДЈКЅН¬К±¶БИЎОВ¶ИЦµєНЖшС№Цµ
 193          //»сИЎґ«ёРЖчКэѕЭѕНО»ЧґМ¬//ґ«ёРЖчѕНРчЧґМ¬
 194          
 195          u8 spl07_get_measure_status(void)
 196          {
 197   1        return spl0703_read(HW_ADR, MEAS_CFG_REG);
 198   1      }
 199          //ЙиЦГ¶БИЎДЈКЅ+¶БИЎ·ЅКЅ
 200          void spl07_set_measure_mode(u8 mode)  //ІОКэОЄДЈКЅЦµ
 201          {
 202   1         spl0703_write(HW_ADR, MEAS_CFG_REG,mode);
 203   1      }
 204          //Жф¶ЇГьБоДЈКЅ¶БИЎОВ¶ИЦµ
 205          void spl07_start_temperature(void)
 206          {
 207   1          spl0703_write(HW_ADR, MEAS_CFG_REG, MEAS_CFG_MEAS_CTR_COMMAND_TMP);
 208   1      }
 209          //Жф¶ЇГьБоДЈКЅ¶БИЎЖшС№Цµ
 210          void spl07_start_pressure(void)
 211          {
 212   1          spl0703_write(HW_ADR, MEAS_CFG_REG, MEAS_CFG_MEAS_CTR_COMMAND_PRS);
 213   1      }
 214          //ЅшИлґэ»ъДЈКЅЈ¬ЅшИлєуНЈЦ№ІЙјЇКэѕЭЦ±µЅФЩґОЗР»»ДЈКЅ
 215          void spl07_enter_standby(void)
 216          {
 217   1          spl0703_write(HW_ADR, MEAS_CFG_REG, MEAS_CFG_MEAS_CTR_STANDBY);
 218   1      }
 219          
 220          #define CFG_INT_LEVEL_ACTIVE_LOW 0//ЦР¶ПµНµзЖЅУРР§
 221          #define CFG_INT_LEVEL_ACTIVE_HIGH 1//ЦР¶ПёЯµзЖЅУРР§
 222          #define CFG_INT_FIFO 0X40    //µ±FIFOВъК№ДЬЦР¶П 
 223          #define CFG_INT_PRS 0X20    //µ±ЖшС№јЖ¶БИЎНк±ПК№ДЬЦР¶П 
 224          #define CFG_INT_TMP 0X10    //µ±ОВ¶И¶БИЎНк±ПК№ДЬЦР¶П 
 225          #define CFG_T_SHIFT 0X08    //ФКРнКэѕЭ±»ёІёЗЈ¬їЙТФЅшРРПВТ»±КІЙјЇ
 226          #define CFG_P_SHIFT 0X04    //ФКРнКэѕЭ±»ёІёЗЈ¬їЙТФЅшРРПВТ»±КІЙјЇ
 227          #define CFG_FIF 0X02    //К№ДЬFIFO
 228          #define CFG_SPI_3_WIRE 1    //3ПЯSPI
 229          #define CFG_SPI_4_WIRE 0    //4ПЯSPI
 230          
 231          
 232          /***********************************************************************
 233           * ЦР¶ПЧґМ¬»сИЎЎЈУЙУІјюЦГ1Ј¬Іў·ўЙъПа№ШТэЅЕЦР¶ПЈ¬¶БИЎёГјДґжЖчЧФ¶ЇЗе0
 234           * @param[in] 
 235           * @param[out] 
 236           * @return     
C51 COMPILER V9.54   SPL07_003                                                             08/04/2025 23:11:31 PAGE 5   

 237           **********************************************************************/
 238          #define INT_STS_FIFO_FULL  0X04 //FIFOВъЦР¶ПЧґМ¬
 239          #define INT_STS_FIFO_TMP   0X02  //ОВ¶ИІвБїНкіЙ±кЦѕО»
 240          #define INT_STS_FIFO_PRS  0X01  //ЖшС№ІвБїНкіЙ±кЦѕО»
 241          
 242          u8 spl07_get_int_status(void)//¶БИЎґ«ёРЖчЧґМ¬
 243          {
 244   1        return spl0703_read(HW_ADR, INT_STS_REG);
 245   1      }
 246          
 247          /***********************************************************************
 248           * FIFOЧґМ¬»сИЎЎЈ
 249           * @param[in] 
 250           * @param[out] 
 251           * @return     
 252           **********************************************************************/
 253          #define FIFO_STS_FULL  0X02 //FIFOВъ
 254          #define FIFO_STS_EMPTY   0X01 //FIFOїХВъ
 255          u8 spl07_get_fifo_status(void)
 256          {
 257   1        return spl0703_read(HW_ADR, FIFO_STS_REG);
 258   1      }
 259          
 260          /***********************************************************************
 261           *ёґО»
 262           * @param[in] 
 263           * @param[out] 
 264           * @return     
 265           **********************************************************************/
 266          #define RESET_FIFO_FLUSH 0X80 //FIFOЗе0
 267          #define RESET_SOFT 0X09//ИнјюёґО»
 268          
 269          void spl07_soft_reset(void)//ИнјюёґО»
 270          {
 271   1         spl0703_write(HW_ADR,RESET_REG,RESET_SOFT);
 272   1      }
 273          void spl07_reset_fifo(void)//ИнјюЗеFIFO
 274          {
 275   1        spl0703_write(HW_ADR,RESET_REG,RESET_FIFO_FLUSH);
 276   1      }
 277          
 278          #define PRODUCT_ID 0X11//ІъЖ·ID
 279          u8 spl07_get_chip_id(void)//»сИЎІъЖ·ID//»сИЎІъЖ·°ж±ѕ//УЙУЪ°ж±ѕФЪІ»Н¬µДґ«ёРЖчУРІ»Н¬Ј¬±ѕАъіМЦ»ЕР¶ПIDАґК¶±рSP
             -L07
 280          {
 281   1        return spl0703_read(HW_ADR, ID_REG);
 282   1      }
 283          
 284          void spl0703_get_calib_param(void)//ДЪІїРЈЧјЦµ//ЖшС№јЖЅвЛгТФј°ОВІ№К№УГ//УЙДЪІїіці§Йи¶Ё
 285          {
 286   1          unsigned long h;
 287   1          unsigned long m;
 288   1          unsigned long l;
 289   1          h =  spl0703_read(HW_ADR, 0x10);
 290   1          l  =  spl0703_read(HW_ADR, 0x11);
 291   1          spl07_calib_param.c0 = (int16)(h<<4 | l>>4);
 292   1          spl07_calib_param.c0 = (spl07_calib_param.c0&0x0800)?(0xF000|spl07_calib_param.c0):spl07_calib_param.c
             -0;
 293   1          h =  spl0703_read(HW_ADR, 0x11);
 294   1          l  =  spl0703_read(HW_ADR, 0x12);
 295   1          spl07_calib_param.c1 = (int16)(h&0x0f)<<8 | l;
 296   1          spl07_calib_param.c1 = (spl07_calib_param.c1&0x0800)?(0xF000|spl07_calib_param.c1):spl07_calib_param.c
C51 COMPILER V9.54   SPL07_003                                                             08/04/2025 23:11:31 PAGE 6   

             -1;
 297   1          h =  spl0703_read(HW_ADR, 0x13);
 298   1          m =  spl0703_read(HW_ADR, 0x14);
 299   1          l =  spl0703_read(HW_ADR, 0x15);
 300   1          spl07_calib_param.c00 = (int32)h<<12 | (int32)m<<4 | (int32)l>>4;
 301   1          spl07_calib_param.c00 = (spl07_calib_param.c00&0x080000)?(0xFFF00000|spl07_calib_param.c00):spl07_cali
             -b_param.c00;
 302   1          h =  spl0703_read(HW_ADR, 0x15);
 303   1          m =  spl0703_read(HW_ADR, 0x16);
 304   1          l =  spl0703_read(HW_ADR, 0x17);
 305   1          spl07_calib_param.c10 = (int32)h<<16 | (int32)m<<8 | l;
 306   1          spl07_calib_param.c10 = (spl07_calib_param.c10&0x080000)?(0xFFF00000|spl07_calib_param.c10):spl07_cali
             -b_param.c10;
 307   1          h =  spl0703_read(HW_ADR, 0x18);
 308   1          l  =  spl0703_read(HW_ADR, 0x19);
 309   1          spl07_calib_param.c01 = (int16)h<<8 | l;
 310   1          h =  spl0703_read(HW_ADR, 0x1A);
 311   1          l  =  spl0703_read(HW_ADR, 0x1B);
 312   1          spl07_calib_param.c11 = (int16)h<<8 | l;
 313   1          h =  spl0703_read(HW_ADR, 0x1C);
 314   1          l  =  spl0703_read(HW_ADR, 0x1D);
 315   1          spl07_calib_param.c20 = (int16)h<<8 | l;
 316   1          h =  spl0703_read(HW_ADR, 0x1E);
 317   1          l  =  spl0703_read(HW_ADR, 0x1F);
 318   1          spl07_calib_param.c21 = (int16)h<<8 | l;
 319   1          h =  spl0703_read(HW_ADR, 0x20);
 320   1          l  =  spl0703_read(HW_ADR, 0x21);
 321   1          spl07_calib_param.c30 = (int16)h<<8 | l;
 322   1          h =  spl0703_read(HW_ADR, 0x22);
 323   1          l  =  spl0703_read(HW_ADR, 0x23); 
 324   1          spl07_calib_param.c31 = (int16)h<<4|l>>4;
 325   1          h =  spl0703_read(HW_ADR, 0x23);
 326   1          l  =  spl0703_read(HW_ADR, 0x24);
 327   1          spl07_calib_param.c40 = (int16)h<<8|l;
 328   1      }
 329          
 330          /***********************************************************************
 331           * іхКј»Ї
 332           * @param[in] 
 333           * @param[out] 
 334           * @return     
 335           **********************************************************************/
 336          u8 spl0701_init(void)
 337          {
 338   1        
 339   1      
 340   1        
 341   1      
 342   1          u8 spl07_start_status;
 343   1      
 344   1      
 345   1      
 346   1      
 347   1          
 348   1          //µИґэДЪІїРЈЧјКэѕЭїЙУГ
 349   1          do {
 350   2            spl07_start_status = spl07_get_measure_status();//¶БИЎЖшС№јЖЖф¶ЇЧґМ¬
 351   2      //      sprintf(str, "init1:%d:\r\n", spl07_start_status);
 352   2      //      UART1_Send_NByte(strlen(str), str);
 353   2          }
 354   1          while((spl07_start_status&MEAS_CFG_COEF_RDY)!=MEAS_CFG_COEF_RDY);
 355   1          //¶БИЎДЪІїРЈЧјЦµ  
C51 COMPILER V9.54   SPL07_003                                                             08/04/2025 23:11:31 PAGE 7   

 356   1          spl0703_get_calib_param();  
 357   1          //µИґэґ«ёРЖчДЪІїіхКј»ЇНкіЙ
 358   1          do{
 359   2            spl07_start_status = spl07_get_measure_status();//¶БИЎЖшС№јЖЖф¶ЇЧґМ¬
 360   2          }while((spl07_start_status&MEAS_CFG_SENSOR_RDY)!=MEAS_CFG_SENSOR_RDY);
 361   1          //¶БИЎCHIP ID
 362   1          spl07.chip_id = spl07_get_chip_id();
 363   1          //ЕР¶П¶БИЎµДIDКЗ·сХэИ·Ј¬ХвАпЦ»ЕР¶ПёЯ4О»µДIDЈ¬І»ЕР¶ПµН4О»µД°ж±ѕєЕ
 364   1          if((spl07.chip_id&0xf0)!=PRODUCT_ID) //(їЙДЬРиТЄЧцРЮёДЈ©
 365   1            return FAILED;//Из№ыID¶БИЎК§°ЬЈ¬Фт·µ»ШК§°Ь
 366   1          //єуМЁКэѕЭІЙСщЛЩВК128HZ №эІЙСщВК32ґО
 367   1          spl07_pressure_rate_config(PRESSURE_RATE_128_TIMES,PRESSURE_RATE_32_TIMES);
 368   1          //єуМЁКэѕЭІЙСщЛЩВК32HZ №эІЙСщВК8ґО//ЙиЦГґ«ёРЖчЙПµДОВ¶ИјЖЧчОЄОВ¶ИІЙјЇ
 369   1          spl07_temperature_rate_config(TEMPERATURE_RATE_32_TIMES,TEMPERATURE_RATE_8_TIMES,TEMPERATURE_RATE_TMP_E
             -XT_EXTERNAL);
 370   1          //Жф¶ЇєуМЁ¶БИЎКэѕЭ
 371   1          spl07_set_measure_mode(MEAS_CFG_MEAS_CTR_BACKGROUND_PSR_TMP);
 372   1          return SUCCESS;//іхКј»ЇіЙ№¦
 373   1      }
 374          
 375          ///*
 376          //јЖЛгfloatРНµДіЛ·Ѕ
 377          //*/
 378          //float Sqrt(int n,float tar)
 379          //{
 380          //  float res=1;
 381          //  for(int i = 0;i<n;i++)
 382          //  {
 383          //    res*=tar;
 384          //  }
 385          //  return res;
 386          //}
 387          
 388          /***********************************************************************
 389           * »сИЎФ­КјОВ¶ИЦµ
 390           * @param[in] 
 391           * @param[out] 
 392           * @return     
 393           **********************************************************************/
 394          void spl0703_get_raw_temp(void)
 395          {
 396   1          uint8 h[3] = {0};
 397   1          
 398   1          h[0] = spl0703_read(HW_ADR, 0x03);
 399   1          h[1] = spl0703_read(HW_ADR, 0x04);
 400   1          h[2] = spl0703_read(HW_ADR, 0x05);
 401   1      
 402   1          spl07.i32rawTemperature = (int32)h[0]<<16 | (int32)h[1]<<8 | (int32)h[2];
 403   1          spl07.i32rawTemperature= (spl07.i32rawTemperature&0x800000) ? (0xFF000000|spl07.i32rawTemperature) : s
             -pl07.i32rawTemperature;
 404   1      }
 405          
 406          
 407          
 408          /***********************************************************************
 409           * »сИЎФ­КјЖшС№Цµ
 410           * @param[in] 
 411           * @param[out] 
 412           * @return     
 413           **********************************************************************/
 414          void spl0703_get_raw_pressure(void)
 415          {
C51 COMPILER V9.54   SPL07_003                                                             08/04/2025 23:11:31 PAGE 8   

 416   1          uint8 h[3];
 417   1          
 418   1          h[0] = spl0703_read(HW_ADR, 0x00);
 419   1          h[1] = spl0703_read(HW_ADR, 0x01);
 420   1          h[2] = spl0703_read(HW_ADR, 0x02);
 421   1          
 422   1          spl07.i32rawPressure = (int32)h[0]<<16 | (int32)h[1]<<8 | (int32)h[2];
 423   1          spl07.i32rawPressure= (spl07.i32rawPressure&0x800000) ? (0xFF000000|spl07.i32rawPressure) : spl07.i32r
             -awPressure;
 424   1      }
 425          
 426          
 427          /***********************************************************************
 428           * ОВ¶ИЅвЛгЦµ
 429           * @param[in] 
 430           * @param[out] 
 431           * @return     
 432           **********************************************************************/
 433          float spl0703_get_temperature(void)
 434          {
 435   1          float fTCompensate;
 436   1          float fTsc;
 437   1        EA = 0;
 438   1          fTsc = spl07.i32rawTemperature / (float)spl07.i32kT;
 439   1          fTCompensate =  spl07_calib_param.c0 * 0.5 + spl07_calib_param.c1 * fTsc;
 440   1        EA = 1;
 441   1          return fTCompensate;
 442   1      }
 443          
 444          /***********************************************************************
 445           * ЖшС№ЅвЛгІўЅшРРОВ¶ИІ№іҐ
 446           * @param[in] 
 447           * @param[out] 
 448           * @return     
 449           **********************************************************************/
 450          float spl0703_get_pressure(void)
 451          {
 452   1        
 453   1          float fTsc, fPsc;
 454   1          float qua2, qua3;
 455   1          float fPCompensate;
 456   1          fTsc = spl07.i32rawTemperature / (float)spl07.i32kT;
 457   1          fPsc = spl07.i32rawPressure / (float)spl07.i32kP;
 458   1          qua2 = spl07_calib_param.c00+fPsc*(spl07_calib_param.c10+fPsc*(spl07_calib_param.c20+fPsc*(spl07_calib
             -_param.c30+spl07_calib_param.c40*fPsc)));
 459   1          qua3 = fTsc * (spl07_calib_param.c01+fPsc * (spl07_calib_param.c11 + fPsc *(spl07_calib_param.c21+fPsc
             -*spl07_calib_param.c31)));
 460   1          //qua3 = 0.9f *fTsc * fPsc * (spl07_calib_param.c11 + fPsc * spl07_calib_param.c21);
 461   1        
 462   1          fPCompensate = qua2+qua3;
 463   1          //fPCompensate = spl07_calib_param.c00 + fPsc * qua2 + 0.9f *fTsc  * spl07_calib_param.c01 + qua3;
 464   1          return fPCompensate;
 465   1      }
 466          
 467          /***********************************************************************
 468           * »сИЎОВ¶ИЦµ
 469           * @param[in] 
 470           * @param[out] 
 471           * @return     
 472           **********************************************************************/
 473          float user_spl0703_get_temperature()
 474          {
C51 COMPILER V9.54   SPL07_003                                                             08/04/2025 23:11:31 PAGE 9   

 475   1        
 476   1          spl0703_get_raw_temp();//¶БИЎОВ¶ИФ­КјЦµ
 477   1          return spl0703_get_temperature();//ОВ¶ИЅвЛгєуµДЦµ
 478   1      }
 479          /***********************************************************************
 480           * »сИЎЖшС№јЖОВ¶ИІ№іҐЦµ
 481           * @param[in] 
 482           * @param[out] 
 483           * @return     
 484           **********************************************************************/
 485          float user_spl0703_get_presure()
 486          {
 487   1        spl0703_get_raw_pressure();//¶БИЎЖшС№ЦµФ­КјЦµ
 488   1        return spl0703_get_pressure();  //ЖшС№ЅвЛгІўѕ­№эОВ¶ИІ№іҐєуµДЖшС№Цµ
 489   1      }


MODULE INFORMATION:   STATIC OVERLAYABLE
   CODE SIZE        =   2749    ----
   CONSTANT SIZE    =      3    ----
   XDATA SIZE       =     43      40
   PDATA SIZE       =   ----    ----
   DATA SIZE        =   ----    ----
   IDATA SIZE       =   ----    ----
   BIT SIZE         =   ----    ----
END OF MODULE INFORMATION.


C51 COMPILATION COMPLETE.  0 WARNING(S),  0 ERROR(S)
