C51 COMPILER V9.56.0.0   MODEBUSRTU                                                        12/22/2025 21:51:24 PAGE 1   


C51 COMPILER V9.56.0.0, COMPILATION OF MODULE MODEBUSRTU
OBJECT MODULE PLACED IN ..\hexОДјю\ModeBusRTU.obj
COMPILER INVOKED BY: E:\BaiduNetdiskDownload\KEIL C51\C51\BIN\C51.EXE ..\App\ModeBusRTU.c LARGE OPTIMIZE(8,SPEED) BROWSE
                    - INCDIR(..\User;..\App) DEBUG OBJECTEXTEND PRINT(.\List\ModeBusRTU.lst) TABS(2) OBJECT(..\hexОДјю\ModeBusRTU.obj)

line level    source

   1          #include "ModeBusRTU.h"
   2          #include "stdlib.h"
   3          #include "string.h"
   4          #include "uart2.h"
   5          #include "uart1.h"
   6          #include "digital_cube.h"
   7          
   8          typedef struct {
   9              uint8_t valid;          // жҳҜеҗҰж ЎйӘҢжҲҗеҠҹ
  10              uint16_t co2_ppm;    // CO2 жө“еәҰеҖј
  11              uint8_t mode;        // жЁЎејҸпјҡ1=дё»еҠЁиҫ“еҮәпјҢ2=жҹҘиҜўиҝ”еӣһ
  12          } CO2_Data;
  13          CO2_Data co2 = {0};
  14          // дј ж„ҹеҷЁж•°жҚ®з»“жһ„дҪ“
  15          typedef struct {
  16              uint16_t eCO2;
  17              uint16_t eCH2O;
  18              uint16_t TVOC;
  19              uint16_t PM2_5;
  20              uint16_t PM10;
  21              uint16_t Temperature;
  22              uint16_t Humidity;
  23              uint8_t valid; // ж ЎйӘҢжҳҜеҗҰйҖҡиҝҮ
  24          } SensorData;
  25          SensorData sensor = {0};
  26          double Time = 0;
  27          unsigned char Res_cnt = 0;
  28          /*д»Һжңәең°еқҖ*/
  29          uint8_t address;
  30          /*жҺҘж”¶зј“еӯҳ*/
  31          uint8_t  ModbusReceiveBuf[20];
  32          uint8_t ModBusSendBuf_len;
  33          uint8_t sensorRawData[17];
  34          /*еҸ‘йҖҒзј“еӯҳ*/
  35          uint8_t ModBusSendBuf[20];
  36          /*жЁЎжӢҹеҜ„еӯҳеҷЁ*/
  37          uint16_t Reg[6] = {0};
  38          
  39          uint8_t uart_send_flag = 0;
  40          
  41          uint8_t cnt = 0;
  42          
  43          
  44          /*
  45            co2дј ж„ҹеҷЁж•°жҚ®и§Јжһҗж ЎйӘҢеҮҪж•°
  46          */
  47          static uint8_t calc_sum_check(uint8_t *dd, uint8_t len)
  48          {
  49   1          uint16_t sum = 0;
  50   1        uint8_t i = 0;
  51   1          for (i = 0; i < len - 1; i++)
  52   1              sum += dd[i];
  53   1          return (uint8_t)(sum & 0xFF);
  54   1      }
C51 COMPILER V9.56.0.0   MODEBUSRTU                                                        12/22/2025 21:51:24 PAGE 2   

  55          // ж ЎйӘҢи®Ўз®—еҮҪж•°пјҲеҸ–дҪҺ8дҪҚпјү7-1
  56          uint8_t calc_checksum(const uint8_t *dd, int len) {
  57   1          uint16_t sum = 0;
  58   1        int i = 0;
  59   1          for (i = 0; i < len - 1; i++) {  // дёҚеҢ…еҗ«жңҖеҗҺдёҖдҪҚж ЎйӘҢе’Ң
  60   2              sum += dd[i];
  61   2          }
  62   1          return (uint8_t)(sum & 0xFF); // еҸ–дҪҺ8дҪҚ
  63   1      }
  64          uint16_t ModBus_CRC(uint8_t *addr,uint8_t num)
  65          {
  66   1        
  67   1        int i, j, temp;
  68   1        
  69   1        uint16_t crc=0xFFFF;  
  70   1        EA = 0;
  71   1        for(i = 0; i < num; i++) {
  72   2          crc = crc ^ (*addr);
  73   2          for( j = 0; j < 8; j++)
  74   2          {
  75   3            temp = crc & 0x0001;
  76   3            crc = crc>>1;
  77   3            if(temp) {
  78   4              crc = crc ^ 0xA001;
  79   4            }
  80   3          }
  81   2          addr++;
  82   2        }
  83   1        EA = 1;
  84   1        return crc;
  85   1      }
  86          
  87          /*
  88            7еҗҲ1дј ж„ҹеҷЁеҸ‘йҖҒ
  89          */
  90          // void ModBus_Send(void)
  91          // {
  92          //     uint8_t i = 0;
  93          //     uint16_t crc = 0;
  94          
  95          //     uint8_t addr = ModbusReceiveBuf[0];   // д»ҺиҜ·жұӮеё§иҺ·еҸ–и®ҫеӨҮең°еқҖ
  96          //     uint8_t func = 0x03;                  // еҠҹиғҪз ҒпјҡиҜ»дҝқжҢҒеҜ„еӯҳеҷЁ
  97          //    // жё©еәҰе’Ңж№ҝеәҰпјҡиҪ¬дёәж•ҙж•°еҗҺеҸ‘йҖҒпјҲГ—10дҝқз•ҷдёҖдҪҚе°Ҹж•°пјү
  98          //     uint16_t temp_send = (uint16_t)(sensor.Temperature * 10);
  99          //     uint16_t humi_send = (uint16_t)(sensor.Humidity * 10);
 100          //     // еҶҷе…Ҙең°еқҖе’ҢеҠҹиғҪз Ғ
 101          //     ModBusSendBuf[i++] = addr;
 102          //     ModBusSendBuf[i++] = func;
 103          
 104          //     // ж•°жҚ®еӯ—иҠӮж•°пјҡжҜҸйЎ№2еӯ—иҠӮпјҢе…ұ7йЎ№пјҲeCO2гҖҒeCH2OгҖҒTVOCгҖҒPM2.5гҖҒPM10гҖҒжё©еәҰгҖҒж№ҝеәҰ
             -пјү
 105          //     ModBusSendBuf[i++] = 14;
 106          
 107          //     // ==== дҫқж¬ЎеҶҷе…Ҙеҗ„йЎ№дј ж„ҹеҷЁж•°жҚ® ====
 108          //     ModBusSendBuf[i++] = (uint8_t)(sensor.eCO2 >> 8);
 109          //     ModBusSendBuf[i++] = (uint8_t)(sensor.eCO2 & 0xFF);
 110          
 111          //     ModBusSendBuf[i++] = (uint8_t)(sensor.eCH2O >> 8);
 112          //     ModBusSendBuf[i++] = (uint8_t)(sensor.eCH2O & 0xFF);
 113          
 114          //     ModBusSendBuf[i++] = (uint8_t)(sensor.TVOC >> 8);
 115          //     ModBusSendBuf[i++] = (uint8_t)(sensor.TVOC & 0xFF);
C51 COMPILER V9.56.0.0   MODEBUSRTU                                                        12/22/2025 21:51:24 PAGE 3   

 116          
 117          //     ModBusSendBuf[i++] = (uint8_t)(sensor.PM2_5 >> 8);
 118          //     ModBusSendBuf[i++] = (uint8_t)(sensor.PM2_5 & 0xFF);
 119          
 120          //     ModBusSendBuf[i++] = (uint8_t)(sensor.PM10 >> 8);
 121          //     ModBusSendBuf[i++] = (uint8_t)(sensor.PM10 & 0xFF);
 122          
 123              
 124          
 125          //     ModBusSendBuf[i++] = (uint8_t)(temp_send >> 8);
 126          //     ModBusSendBuf[i++] = (uint8_t)(temp_send & 0xFF);
 127          
 128          //     ModBusSendBuf[i++] = (uint8_t)(humi_send >> 8);
 129          //     ModBusSendBuf[i++] = (uint8_t)(humi_send & 0xFF);
 130          
 131          //     // ==== CRCж ЎйӘҢ ====
 132          //     crc = ModBus_CRC(ModBusSendBuf, i);
 133          //     ModBusSendBuf[i++] = crc & 0xFF;   // CRCдҪҺеӯ—иҠӮ
 134          //     ModBusSendBuf[i++] = crc >> 8;     // CRCй«ҳеӯ—иҠӮ
 135          
 136          //     ModBusSendBuf_len = i;
 137          //     uart_send_flag = 1; // йҖҡзҹҘдё»зЁӢеәҸеҸҜд»ҘеҸ‘йҖҒ
 138          // }
 139          /*
 140            co2дј ж„ҹеҷЁж•°жҚ®еҸ‘йҖҒеҮҪж•°
 141          */
 142          void ModBus_Send(void)
 143          {
 144   1          uint8_t i = 0;
 145   1          uint16_t crc = 0;
 146   1      
 147   1          uint8_t addr = ModbusReceiveBuf[0];   // д»ҺиҜ·жұӮеё§иҺ·еҸ–и®ҫеӨҮең°еқҖ
 148   1          uint8_t func = 0x03;                  // еҠҹиғҪз ҒпјҡиҜ»дҝқжҢҒеҜ„еӯҳеҷЁ
 149   1      
 150   1          // ==== 1. еҶҷе…Ҙең°еқҖе’ҢеҠҹиғҪз Ғ ====
 151   1          ModBusSendBuf[i++] = addr;
 152   1          ModBusSendBuf[i++] = func;
 153   1      
 154   1          // ==== 2. ж•°жҚ®еӯ—иҠӮж•° ====
 155   1          // еҸӘеҸ‘йҖҒдёҖдёӘ16дҪҚж•°жҚ®пјҲCO2жө“еәҰпјү
 156   1          ModBusSendBuf[i++] = 2;
 157   1      
 158   1          // ==== 3. еҶҷе…Ҙ CO2 ж•°жҚ® ====
 159   1          ModBusSendBuf[i++] = (uint8_t)(co2.co2_ppm >> 8);   // й«ҳеӯ—иҠӮ
 160   1          ModBusSendBuf[i++] = (uint8_t)(co2.co2_ppm & 0xFF); // дҪҺеӯ—иҠӮ
 161   1      
 162   1          // ==== 4. CRC16 ж ЎйӘҢ ====
 163   1          crc = ModBus_CRC(ModBusSendBuf, i);
 164   1          ModBusSendBuf[i++] = crc & 0xFF;   // CRCдҪҺеӯ—иҠӮ
 165   1          ModBusSendBuf[i++] = crc >> 8;     // CRCй«ҳеӯ—иҠӮ
 166   1      
 167   1          // ==== 5. жӣҙж–°еҸ‘йҖҒж Үеҝ— ====
 168   1          ModBusSendBuf_len = i;
 169   1          uart_send_flag = 1;  // йҖҡзҹҘдё»еҫӘзҺҜеҸҜд»ҘеҸ‘йҖҒ
 170   1      }
 171          
 172          void ModBus_write(void)
 173          {
 174   1        uint16_t Reg_address = (uint16_t)((ModbusReceiveBuf[2] << 8) | ModbusReceiveBuf[3]);
 175   1        uint16_t receive_data = (uint16_t)((ModbusReceiveBuf[4] << 8) | ModbusReceiveBuf[5]);
 176   1        Reg[Reg_address] = receive_data;
 177   1      }
C51 COMPILER V9.56.0.0   MODEBUSRTU                                                        12/22/2025 21:51:24 PAGE 4   

 178          
 179          
 180          
 181          uint8_t RxState = 0;        // жҺҘж”¶зҠ¶жҖҒ
 182          uint8_t pRxPacket = 0;      // еҪ“еүҚжҺҘж”¶еҲ°зҡ„дҪҚзҪ®
 183          void ModBus_Clear(void)
 184          {
 185   1        RxState = 0;
 186   1        pRxPacket = 0;
 187   1        memset(ModbusReceiveBuf, 0, sizeof(ModbusReceiveBuf)); 
 188   1      }
 189          unsigned int parse_co2_frame()
 190          {
 191   1          co2.valid = 0;
 192   1          // -------------------------
 193   1          // дё»еҠЁиҫ“еҮәеё§ (16 bytes)
 194   1          // -------------------------
 195   1          if (pRxPacket == 16 && sensorRawData[0] == 0x42 && sensorRawData[1] == 0x4D)
 196   1          {
 197   2            
 198   2              uint8_t sum = calc_sum_check(sensorRawData, 16);
 199   2            
 200   2              if (sum == sensorRawData[15])
 201   2              {
 202   3                  pRxPacket = 0;
 203   3                  co2.co2_ppm = (sensorRawData[6] << 8) | sensorRawData[7];
 204   3                  co2.valid = 1;
 205   3                  co2.mode = 1;  // дё»еҠЁиҫ“еҮәжЁЎејҸ
 206   3                  return co2.co2_ppm;
 207   3              }
 208   2              else
 209   2              {
 210   3                pRxPacket = 0;
 211   3              }
 212   2          }
 213   1          
 214   1          // -------------------------
 215   1          // жҹҘиҜўиҝ”еӣһеё§ (14 bytes)
 216   1          // -------------------------
 217   1          else if (pRxPacket == 14 && sensorRawData[0] == 0x64 && sensorRawData[1] == 0x69)
 218   1          {
 219   2            
 220   2              // жҸҗеҸ–CRC
 221   2              uint16_t crc_calc = calc_sum_check(sensorRawData, 12);
 222   2              uint16_t crc_recv = (sensorRawData[13] << 8) | sensorRawData[12];
 223   2      //P34 = 0;
 224   2              if (crc_calc == crc_recv)
 225   2              {
 226   3                  pRxPacket = 0;
 227   3                  co2.co2_ppm = (sensorRawData[5] << 8) | sensorRawData[4];
 228   3                  co2.valid = 1;
 229   3                  co2.mode = 2;  // жҹҘиҜўиҝ”еӣһжЁЎејҸ
 230   3                  return co2.co2_ppm;
 231   3              }
 232   2              else
 233   2              {
 234   3                  pRxPacket = 0;
 235   3              }
 236   2          }
 237   1          else
 238   1          {
 239   2            P34=1;
C51 COMPILER V9.56.0.0   MODEBUSRTU                                                        12/22/2025 21:51:24 PAGE 5   

 240   2          }
 241   1      
 242   1      }
 243          // ж”ҫеҲ°жҹҗдёӘдёІеҸЈдёӯж–ӯйҮҢ
 244          void parse_sensor_frame() {
 245   1      // жё©еәҰйғЁеҲҶ
 246   1          uint8_t temp_high = sensorRawData[12];
 247   1          uint8_t temp_low  = sensorRawData[13];
 248   1        uint8_t checksum = calc_checksum(sensorRawData, sizeof(sensorRawData));
 249   1        float temp = (float)temp_high + (temp_low / 10.0f);
 250   1          if (sizeof(sensorRawData) < 17 || sensorRawData[0] != 0x3C || sensorRawData[1] != 0x02) {
 251   2              sensor.valid = 0;
 252   2              return;
 253   2          }
 254   1      
 255   1          if (checksum != sensorRawData[16]) {
 256   2              sensor.valid = 0;
 257   2              return;
 258   2          }
 259   1      
 260   1          sensor.valid = 1;
 261   1      
 262   1          // и§Јжһҗеҗ„йЎ№ж•°жҚ®пјҲй«ҳеӯ—иҠӮеңЁеүҚпјү
 263   1          sensor.eCO2  = (sensorRawData[2] << 8) | sensorRawData[3];
 264   1          sensor.eCH2O = (sensorRawData[4] << 8) | sensorRawData[5];
 265   1          sensor.TVOC  = (sensorRawData[6] << 8) | sensorRawData[7];
 266   1          sensor.PM2_5 = (sensorRawData[8] << 8) | sensorRawData[9];
 267   1          sensor.PM10  = (sensorRawData[10] << 8) | sensorRawData[11];
 268   1      
 269   1          
 270   1          
 271   1          if (temp_high & 0x80) { // bit7=1 иЎЁзӨәиҙҹжё©еәҰ
 272   2              temp_high &= 0x7F;
 273   2              temp = -((float)temp_high + (temp_low / 10.0f));
 274   2          }
 275   1          sensor.Temperature = temp;
 276   1      
 277   1          // ж№ҝеәҰйғЁеҲҶ
 278   1          sensor.Humidity = sensorRawData[14] + (sensorRawData[15] / 10.0f);
 279   1      }
 280          
 281          /*
 282            1msеӨ„зҗҶдёІеҸЈжҺҘж”¶еҲ°зҡ„ж¶ҲжҒҜ
 283            modbusзӣёе…іеҸҳйҮҸеңЁжӯӨж–Үд»¶еҶ…дҪңдёәе…ЁеұҖеҸҳйҮҸпјҢи°ғз”Ёж–№дҫҝ
 284          */
 285          void ModBus_ReadOneByte()
 286          {
 287   1        uint8_t CRC_H = 0, CRC_L = 0;
 288   1        if ((ModbusReceiveBuf[0] == address || ModbusReceiveBuf[0] == 0xff) &&  Res_cnt >= 7) {
 289   2        //if (((ModbusReceiveBuf[0] >= 0x00 && ModbusReceiveBuf[0] <= 0x3f) || (ModbusReceiveBuf[0] == 0xff)) && 
             - Res_cnt >= 7) {  
 290   2          if (ModBus_CRC(ModbusReceiveBuf, 6) == (ModbusReceiveBuf[7] << 8 | ModbusReceiveBuf[6])) {
 291   3            ModBus_handle();
 292   3            Res_cnt = 0;
 293   3          }
 294   2        }
 295   1        Res_cnt = 0;
 296   1      }
 297          
 298          void ModBus_handle()
 299          {
 300   1      
C51 COMPILER V9.56.0.0   MODEBUSRTU                                                        12/22/2025 21:51:24 PAGE 6   

 301   1        switch (ModbusReceiveBuf[1])
 302   1        {
 303   2        case 0x03:
 304   2          if (ModbusReceiveBuf[0] != 0xFF)
 305   2            
 306   2            ModBus_Send();
 307   2          break;
 308   2        case 0x06:
 309   2          
 310   2          ModBus_write();
 311   2          break;
 312   2        
 313   2        default:
 314   2          break;
 315   2        }
 316   1      
 317   1      
 318   1      }
 319          /*
 320            е®һйҷ…дҪҝз”ЁдёӯдёІеҸЈ1пјҢ2еҸӘдҪҝз”ЁеҲ°дёҖдёӘпјҢдёІеҸЈдёӯж–ӯжҺҘеҸ—дҝЎжҒҜпјҢеЎ«е……еҲ°жҺҘж”¶зј“еӯҳ/
 321            
 322          */
 323          void UART2_int (void) interrupt UART2_VECTOR
 324          {
 325   1        unsigned char temp; 
 326   1      
 327   1        Digital_Tube_flash();
 328   1          if((S2CON & 1) != 0)
 329   1          {
 330   2              S2CON &= ~1;    //Clear Rx flag
 331   2              temp =  S2BUF;
 332   2          //TX1_data(temp);
 333   2      //    ModBus_ReadOneByte(temp);
 334   2      
 335   2          // ModbusReceiveBuf[Res_cnt++] = temp;//жіЁйҮҠжҺүдёҖдёӘ
 336   2          if (pRxPacket < sizeof(sensorRawData))
 337   2                  sensorRawData[pRxPacket++] = temp;
 338   2              else
 339   2                  pRxPacket = 0;   // йҳІжӯўжәўеҮә
 340   2          
 341   2          cnt = 0;
 342   2          }
 343   1          if((S2CON & 2) != 0)
 344   1          {
 345   2              S2CON &= ~2;    //Clear Tx flag
 346   2          B_TX2_Busy = 0;
 347   2          }
 348   1      }
 349          
 350          void UART1_int (void) interrupt 4
 351          {
 352   1        Digital_Tube_flash();
 353   1          if(RI)
 354   1          {
 355   2              RI = 0;
 356   2      //    temp = SBUF;
 357   2          //ModBus_ReadOneByte(temp);
 358   2          ModbusReceiveBuf[Res_cnt++] = SBUF;//жіЁйҮҠжҺүдёҖдёӘ
 359   2          // P34=0;  // и°ғиҜ•д»Јз Ғе·Із§»йҷӨ
 360   2          // sensorRawData[pRxPacket++] = SBUF;
 361   2          cnt = 0;
 362   2              
C51 COMPILER V9.56.0.0   MODEBUSRTU                                                        12/22/2025 21:51:24 PAGE 7   

 363   2          }
 364   1          if(TI)
 365   1          {
 366   2              TI = 0;
 367   2              B_TX1_Busy = 0;
 368   2          }
 369   1      }
*** WARNING C291 IN LINE 242 OF ..\App\ModeBusRTU.c: not every exit path returns a value


MODULE INFORMATION:   STATIC OVERLAYABLE
   CODE SIZE        =   1460    ----
   CONSTANT SIZE    =   ----    ----
   XDATA SIZE       =     99      33
   PDATA SIZE       =   ----    ----
   DATA SIZE        =   ----    ----
   IDATA SIZE       =   ----    ----
   BIT SIZE         =   ----    ----
END OF MODULE INFORMATION.


C51 COMPILATION COMPLETE.  1 WARNING(S),  0 ERROR(S)
